12:56:20 **** Incremental Build of configuration Debug for project ANALOG ****
make -j8 all 
arm-none-eabi-gcc "../Core/Src/main.c" -mcpu=cortex-m4 -std=gnu11 -g3 -DDEBUG -DUSE_HAL_DRIVER -DSTM32F411xE -c -I../Core/Inc -I../Drivers/STM32F4xx_HAL_Driver/Inc -I../Drivers/STM32F4xx_HAL_Driver/Inc/Legacy -I../Drivers/CMSIS/Device/ST/STM32F4xx/Include -I../Drivers/CMSIS/Include -O0 -ffunction-sections -fdata-sections -Wall -fstack-usage -fcyclomatic-complexity -MMD -MP -MF"Core/Src/main.d" -MT"Core/Src/main.o" --specs=nano.specs -mfpu=fpv4-sp-d16 -mfloat-abi=hard -mthumb -o "Core/Src/main.o"
arm-none-eabi-gcc -o "ANALOG.elf" @"objects.list"   -mcpu=cortex-m4 -T"/home/dinesh/STM32CubeIDE/workspace_1.16.0/ANALOG/STM32F411RETX_FLASH.ld" --specs=nosys.specs -Wl,-Map="ANALOG.map" -Wl,--gc-sections -static --specs=nano.specs -mfpu=fpv4-sp-d16 -mfloat-abi=hard -mthumb -Wl,--start-group -lc -lm -Wl,--end-group
/opt/st/stm32cubeide_1.16.0/plugins/com.st.stm32cube.ide.mcu.externaltools.gnu-tools-for-stm32.12.3.rel1.linux64_1.0.200.202406132123/tools/bin/../lib/gcc/arm-none-eabi/12.3.1/../../../../arm-none-eabi/bin/ld: ./Core/Src/stm32f4xx_it.o: in function `ADC_IRQHandler':
/home/dinesh/STM32CubeIDE/workspace_1.16.0/ANALOG/Debug/../Core/Src/stm32f4xx_it.c:213: undefined reference to `hadc1'
collect2: error: ld returned 1 exit status
make: *** [makefile:64: ANALOG.elf] Error 1
"make -j8 all" terminated with exit code 2. Build might be incomplete.

12:56:22 Build Failed. 2 errors, 0 warnings. (took 1s.910ms)

